#
# There is insufficient memory for the Java Runtime Environment to continue.
# Native memory allocation (mmap) failed to map 132120576 bytes for Failed to commit area from 0x0000000082600000 to 0x000000008a400000 of length 132120576.
# Possible reasons:
#   The system is out of physical RAM or swap space
#   The process is running with CompressedOops enabled, and the Java Heap may be blocking the growth of the native heap
# Possible solutions:
#   Reduce memory load on the system
#   Increase physical memory or swap space
#   Check if swap backing store is full
#   Decrease Java heap size (-Xmx/-Xms)
#   Decrease number of Java threads
#   Decrease Java thread stack sizes (-Xss)
#   Set larger code cache with -XX:ReservedCodeCacheSize=
# This output file may be truncated or incomplete.
#
#  Out of Memory Error (./src/hotspot/os/windows/os_windows.cpp:3619), pid=8416, tid=13076
#
# JRE version:  (11.0.13+7) (build )
# Java VM: OpenJDK 64-Bit Server VM (11.0.13+7-b1751.19, mixed mode, sharing, tiered, compressed oops, g1 gc, windows-amd64)
# No core dump will be written. Minidumps are not enabled by default on client versions of Windows
#

---------------  S U M M A R Y ------------

Command Line: git4idea.http.GitAskPassApp Username for 'https://github.com': 

Host: Intel(R) Core(TM) i5-8300H CPU @ 2.30GHz, 8 cores, 7G,  Windows 10 , 64 bit Build 19041 (10.0.19041.1706)
Time: Thu May 26 16:47:20 2022 Центральная Азия (зима) elapsed time: 0.007745 seconds (0d 0h 0m 0s)

---------------  T H R E A D  ---------------

Current thread (0x0000024d98c7b000):  JavaThread "Unknown thread" [_thread_in_vm, id=13076, stack(0x0000005564b00000,0x0000005564c00000)]

Stack: [0x0000005564b00000,0x0000005564c00000]
Native frames: (J=compiled Java code, j=interpreted, Vv=VM code, C=native code)
V  [jvm.dll+0x613ada]
V  [jvm.dll+0x799a80]
V  [jvm.dll+0x79b09d]
V  [jvm.dll+0x79b773]
V  [jvm.dll+0x24c4c8]
V  [jvm.dll+0x610b64]
V  [jvm.dll+0x605855]
V  [jvm.dll+0x30aaeb]
V  [jvm.dll+0x30aa5a]
V  [jvm.dll+0x30a932]
V  [jvm.dll+0x30f896]
V  [jvm.dll+0x359293]
V  [jvm.dll+0x359996]
V  [jvm.dll+0x359393]
V  [jvm.dll+0x2e5308]
V  [jvm.dll+0x2e64b7]
V  [jvm.dll+0x7769c7]
V  [jvm.dll+0x7781bc]
V  [jvm.dll+0x366829]
V  [jvm.dll+0x75a52e]
V  [jvm.dll+0x3d4923]
V  [jvm.dll+0x3d6e91]
C  [jli.dll+0x536b]
C  [ucrtbase.dll+0x21bb2]
C  [KERNEL32.DLL+0x17034]
C  [ntdll.dll+0x52651]


---------------  P R O C E S S  ---------------

Threads class SMR info:
_java_thread_list=0x0000024d97250750, length=0, elements={
}

Java Threads: ( => current thread )

Other Threads:
  0x0000024d98c96000 GCTaskThread "GC Thread#0" [stack: 0x0000005564c00000,0x0000005564d00000] [id=3820]
  0x0000024d98cc8800 ConcurrentGCThread "G1 Main Marker" [stack: 0x0000005564d00000,0x0000005564e00000] [id=6628]
  0x0000024d98ccb000 ConcurrentGCThread "G1 Conc#0" [stack: 0x0000005564e00000,0x0000005564f00000] [id=7568]

[error occurred during error reporting (printing all threads), id 0xc0000005, EXCEPTION_ACCESS_VIOLATION (0xc0000005) at pc=0x00007ff8d7985b77]

VM state:not at safepoint (not fully initialized)

VM Mutex/Monitor currently owned by a thread:  ([mutex/lock_event])
[0x0000024d98c78010] Heap_lock - owner thread: 0x0000024d98c7b000

Heap address: 0x0000000082600000, size: 2010 MB, Compressed Oops mode: Non-zero based: 0x0000000082600000
Narrow klass base: 0x0000000000000000, Narrow klass shift: 0

GC Heap History (0 events):
No events

Deoptimization events (0 events):
No events

Classes redefined (0 events):
No events

Internal exceptions (0 events):
No events

Events (1 events):
Event: 0.004 Loaded shared library E:\Program Files\JetBrains\IntelliJ IDEA 2021.3\jbr\bin\zip.dll


Dynamic libraries:
0x00007ff72f2d0000 - 0x00007ff72f2da000 	E:\Program Files\JetBrains\IntelliJ IDEA 2021.3\jbr\bin\java.exe
0x00007ff92e450000 - 0x00007ff92e645000 	C:\WINDOWS\SYSTEM32\ntdll.dll
0x00007ff92c500000 - 0x00007ff92c5bd000 	C:\WINDOWS\System32\KERNEL32.DLL
0x00007ff92bda0000 - 0x00007ff92c06d000 	C:\WINDOWS\System32\KERNELBASE.dll
0x00007ff92c270000 - 0x00007ff92c370000 	C:\WINDOWS\System32\ucrtbase.dll
0x00007ff9126d0000 - 0x00007ff9126e9000 	E:\Program Files\JetBrains\IntelliJ IDEA 2021.3\jbr\bin\jli.dll
0x00007ff90d9a0000 - 0x00007ff90d9b7000 	E:\Program Files\JetBrains\IntelliJ IDEA 2021.3\jbr\bin\VCRUNTIME140.dll
0x00007ff92c6d0000 - 0x00007ff92c870000 	C:\WINDOWS\System32\USER32.dll
0x00007ff92c1a0000 - 0x00007ff92c1c2000 	C:\WINDOWS\System32\win32u.dll
0x00007ff914aa0000 - 0x00007ff914d3a000 	C:\WINDOWS\WinSxS\amd64_microsoft.windows.common-controls_6595b64144ccf1df_6.0.19041.1110_none_60b5254171f9507e\COMCTL32.dll
0x00007ff92e380000 - 0x00007ff92e3aa000 	C:\WINDOWS\System32\GDI32.dll
0x00007ff92de00000 - 0x00007ff92de9e000 	C:\WINDOWS\System32\msvcrt.dll
0x00007ff92bc90000 - 0x00007ff92bd9b000 	C:\WINDOWS\System32\gdi32full.dll
0x00007ff92c1d0000 - 0x00007ff92c26d000 	C:\WINDOWS\System32\msvcp_win.dll
0x00007ff92c470000 - 0x00007ff92c4a0000 	C:\WINDOWS\System32\IMM32.DLL
0x00007ff8f88e0000 - 0x00007ff8f897d000 	E:\Program Files\JetBrains\IntelliJ IDEA 2021.3\jbr\bin\msvcp140.dll
0x00007ff8d7690000 - 0x00007ff8d8206000 	E:\Program Files\JetBrains\IntelliJ IDEA 2021.3\jbr\bin\server\jvm.dll
0x00007ff92c5c0000 - 0x00007ff92c66e000 	C:\WINDOWS\System32\ADVAPI32.dll
0x00007ff92df50000 - 0x00007ff92dfec000 	C:\WINDOWS\System32\sechost.dll
0x00007ff92dba0000 - 0x00007ff92dcc5000 	C:\WINDOWS\System32\RPCRT4.dll
0x00007ff92df40000 - 0x00007ff92df48000 	C:\WINDOWS\System32\PSAPI.DLL
0x00007ff921510000 - 0x00007ff921537000 	C:\WINDOWS\SYSTEM32\WINMM.dll
0x00007ff909fb0000 - 0x00007ff909fb9000 	C:\WINDOWS\SYSTEM32\WSOCK32.dll
0x00007ff9267a0000 - 0x00007ff9267aa000 	C:\WINDOWS\SYSTEM32\VERSION.dll
0x00007ff92cfc0000 - 0x00007ff92d02b000 	C:\WINDOWS\System32\WS2_32.dll
0x00007ff929a30000 - 0x00007ff929a42000 	C:\WINDOWS\SYSTEM32\kernel.appcore.dll
0x00007ff909f90000 - 0x00007ff909fa1000 	E:\Program Files\JetBrains\IntelliJ IDEA 2021.3\jbr\bin\verify.dll
0x00007ff9151d0000 - 0x00007ff9153b4000 	C:\WINDOWS\SYSTEM32\DBGHELP.DLL
0x00007ff914240000 - 0x00007ff91426c000 	C:\WINDOWS\SYSTEM32\dbgcore.DLL
0x00007ff92c370000 - 0x00007ff92c3f2000 	C:\WINDOWS\System32\bcryptPrimitives.dll
0x00007ff909e30000 - 0x00007ff909e59000 	E:\Program Files\JetBrains\IntelliJ IDEA 2021.3\jbr\bin\java.dll
0x00007ff909e20000 - 0x00007ff909e2b000 	E:\Program Files\JetBrains\IntelliJ IDEA 2021.3\jbr\bin\jimage.dll
0x00007ff909e00000 - 0x00007ff909e18000 	E:\Program Files\JetBrains\IntelliJ IDEA 2021.3\jbr\bin\zip.dll

dbghelp: loaded successfully - version: 4.0.5 - missing functions: none
symbol engine: initialized successfully - sym options: 0x614 - pdb path: .;E:\Program Files\JetBrains\IntelliJ IDEA 2021.3\jbr\bin;C:\WINDOWS\SYSTEM32;C:\WINDOWS\WinSxS\amd64_microsoft.windows.common-controls_6595b64144ccf1df_6.0.19041.1110_none_60b5254171f9507e;E:\Program Files\JetBrains\IntelliJ IDEA 2021.3\jbr\bin\server

VM Arguments:
java_command: git4idea.http.GitAskPassApp Username for 'https://github.com': 
java_class_path (initial): E:/Program Files/JetBrains/IntelliJ IDEA 2021.3/plugins/git4idea/lib/git4idea-rt.jar;E:/Program Files/JetBrains/IntelliJ IDEA 2021.3/lib/3rd-party.jar;E:/Program Files/JetBrains/IntelliJ IDEA 2021.3/lib/3rd-party-rt.jar
Launcher Type: SUN_STANDARD

[Global flags]
     intx CICompilerCount                          = 4                                         {product} {ergonomic}
     uint ConcGCThreads                            = 2                                         {product} {ergonomic}
     uint G1ConcRefinementThreads                  = 8                                         {product} {ergonomic}
   size_t G1HeapRegionSize                         = 1048576                                   {product} {ergonomic}
    uintx GCDrainStackTargetSize                   = 64                                        {product} {ergonomic}
   size_t InitialHeapSize                          = 132120576                                 {product} {ergonomic}
   size_t MarkStackSize                            = 4194304                                   {product} {ergonomic}
   size_t MaxHeapSize                              = 2107637760                                {product} {ergonomic}
   size_t MinHeapDeltaBytes                        = 1048576                                   {product} {ergonomic}
    uintx NonNMethodCodeHeapSize                   = 5836300                                {pd product} {ergonomic}
    uintx NonProfiledCodeHeapSize                  = 122910970                              {pd product} {ergonomic}
    uintx ProfiledCodeHeapSize                     = 122910970                              {pd product} {ergonomic}
    uintx ReservedCodeCacheSize                    = 251658240                              {pd product} {ergonomic}
     bool SegmentedCodeCache                       = true                                      {product} {ergonomic}
     bool UseCompressedClassPointers               = true                                 {lp64_product} {ergonomic}
     bool UseCompressedOops                        = true                                 {lp64_product} {ergonomic}
     bool UseG1GC                                  = true                                      {product} {ergonomic}
     bool UseLargePagesIndividualAllocation        = false                                  {pd product} {ergonomic}

Logging:
Log output configuration:
 #0: stdout all=warning uptime,level,tags
 #1: stderr all=off uptime,level,tags

Environment Variables:
JAVA_HOME=E:\Program Files\Java\jdk-11
PATH=E:\Program Files\Git\mingw64\libexec\git-core;E:\Program Files\Git\mingw64\libexec\git-core;E:\Program Files\Git\mingw64\bin;E:\Program Files\Git\usr\bin;C:\Users\Ali\bin;C:\Program Files (x86)\Common Files\Oracle\Java\javapath;E:\Program Files (x86)\VMware\VMware Workstation\bin;C:\WINDOWS\system32;C:\WINDOWS;C:\WINDOWS\System32\Wbem;C:\WINDOWS\System32\WindowsPowerShell\v1.0;C:\WINDOWS\System32\OpenSSH;E:\Program Files\Java\jdk-11;C:\Users\Ali\AppData\Local\Programs\Python\Python39\Scripts;C:\Users\Ali\AppData\Local\Programs\Python\Python39;E:\Program Files\JetBrains\PyCharm 2021.3\bin;E:\Program Files\JetBrains\IntelliJ IDEA 2021.3\bin;E:\Program Files\JetBrains\CLion 2021.3\bin;C:\adb;E:\Program Files\Git\cmd;E:\Program Files\nodejs;C:\Users\Ali\AppData\Local\Programs\Python\Python39\Scripts;C:\Users\Ali\AppData\Local\Programs\Python\Python39;E:\Program Files\JetBrains\PyCharm 2021.3\bin;E:\Program Files\JetBrains\IntelliJ IDEA 2021.3\bin;E:\Program Files\JetBrains\CLion 2021.3\bin;C:\Users\Ali\AppData\Local\Programs\Microsoft VS Code\bin;E:\Program Files\JetBrains\JetBrains Rider 2021.3.2\bin;C:\Users\Ali\AppData\Roaming\npm
USERNAME=Ali
DISPLAY=:0.0
LC_ALL=en_US.UTF-8
OS=Windows_NT
PROCESSOR_IDENTIFIER=Intel64 Family 6 Model 158 Stepping 10, GenuineIntel



---------------  S Y S T E M  ---------------

OS: Windows 10 , 64 bit Build 19041 (10.0.19041.1706)
OS uptime: 0 days 5:29 hours

CPU:total 8 (initial active 8) (4 cores per cpu, 2 threads per core) family 6 model 158 stepping 10 microcode 0xb4, cmov, cx8, fxsr, mmx, sse, sse2, sse3, ssse3, sse4.1, sse4.2, popcnt, avx, avx2, aes, clmul, erms, 3dnowpref, lzcnt, ht, tsc, tscinvbit, bmi1, bmi2, adx, fma

Memory: 4k page, system-wide physical 8034M (1419M free)
TotalPageFile size 10050M (AvailPageFile size 122M)
current process WorkingSet (physical memory assigned to process): 10M, peak: 10M
current process commit charge ("private bytes"): 60M, peak: 185M

vm_info: OpenJDK 64-Bit Server VM (11.0.13+7-b1751.19) for windows-amd64 JRE (11.0.13+7-b1751.19), built on Nov  9 2021 11:31:28 by "" with MS VC++ 14.0 (VS2015)

END.
